INFO:  latexindent.exe version 3.16, 2022-03-13, a script to indent .tex files
       latexindent.exe lives here: D:/Download/texlive/2022/bin/win32/
       Thu Nov  3 08:13:06 2022
       Filename: d:/Work/compiler/labs/proj3/report/__latexindent_temp.tex
INFO:  Processing switches:
       -y|--yaml: YAML settings specified via command line
       -c|--cruft: cruft directory
INFO:  Directory for backup files and d:/Work/compiler/labs/proj2/report//indent.log: d:/Work/compiler/labs/proj2/report/
INFO:  YAML settings read: defaultSettings.yaml
       Reading defaultSettings.yaml from D:/Download/texlive/2022/bin/win32/defaultSettings.yaml
       Reading defaultSettings.yaml (2nd attempt) from D:/Download/texlive/2022/bin/win32/../../texmf-dist/scripts/latexindent/defaultSettings.yaml
       and then, if necessary, D:/Download/texlive/2022/bin/win32/LatexIndent/defaultSettings.yaml
INFO:  YAML settings read: indentconfig.yaml or .indentconfig.yaml
       Home directory is C:\Users\Íõ×ÏÝ½ (didn't find either indentconfig.yaml or .indentconfig.yaml)
       To specify user settings you would put indentconfig.yaml here: C:\Users\Íõ×ÏÝ½/indentconfig.yaml
       Alternatively, you can use the hidden file .indentconfig.yaml as: C:\Users\Íõ×ÏÝ½/.indentconfig.yaml
INFO:  YAML settings read: -y switch
       YAML setting: defaultIndent:'    '
       single-quoted string found in -y switch: '    ', substitute to     
       Updating mainSettings with defaultIndent:     
INFO:  Phase 1: searching for objects
INFO:  Phase 2: finding surrounding indentation
INFO:  Phase 3: indenting objects
INFO:  Phase 4: final indentation check
INFO:  Output routine:
       Not outputting to file; see -w and -o switches for more options.
       --------------
INFO:  Please direct all communication/issues to:
        https://github.com/cmhughes/latexindent.pl
